<?xml version="1.0" encoding="UTF-8"?>
<!-- Generated by org.testng.reporters.JUnitReportReporter -->
<testsuite skipped="0" hostname="DESKTOP-NF0BJF6" name="all.selemium.commands.GetPosition" tests="2" failures="0" timestamp="07 Aug 2020 07:15:11 GMT" time="23.513" errors="0">
  <testcase name="getPosition" time="10.266" classname="all.selemium.commands.GetPosition"/>
  <testcase name="changeBrowserPosition" time="13.247" classname="all.selemium.commands.GetPosition"/>
</testsuite> <!-- all.selemium.commands.GetPosition -->
